0 info it worked if it ends with ok
1 verbose cli [ '/Users/OM/.meteor/packages/meteor-tool/.1.4.2_6.sx2vfh++os.osx.x86_64+web.browser+web.cordova/mt-os.osx.x86_64/dev_bundle/bin/node',
1 verbose cli   '/Users/OM/.meteor/packages/meteor-tool/.1.4.2_6.sx2vfh++os.osx.x86_64+web.browser+web.cordova/mt-os.osx.x86_64/dev_bundle/bin/npm',
1 verbose cli   'run',
1 verbose cli   'start' ]
2 info using npm@4.1.2
3 info using node@v4.7.3
4 verbose run-script [ 'prestart', 'start', 'poststart' ]
5 info lifecycle meteor-application-template@~prestart: meteor-application-template@
6 silly lifecycle meteor-application-template@~prestart: no script for prestart, continuing
7 info lifecycle meteor-application-template@~start: meteor-application-template@
8 verbose lifecycle meteor-application-template@~start: unsafe-perm in lifecycle true
9 verbose lifecycle meteor-application-template@~start: PATH: /Users/OM/.meteor/packages/meteor-tool/.1.4.2_6.sx2vfh++os.osx.x86_64+web.browser+web.cordova/mt-os.osx.x86_64/dev_bundle/lib/node_modules/npm/bin/node-gyp-bin:/Users/OM/Desktop/ICS314/final-project-mockup/app/node_modules/.bin:/Users/OM/.meteor/packages/meteor-tool/.1.4.2_6.sx2vfh++os.osx.x86_64+web.browser+web.cordova/mt-os.osx.x86_64/dev_bundle/bin:/Users/OM/.meteor/packages/meteor-tool/.1.4.2_6.sx2vfh++os.osx.x86_64+web.browser+web.cordova/mt-os.osx.x86_64/dev_bundle/lib/node_modules/.bin:/opt/local/bin:/opt/local/sbin:/usr/local/bin:/usr/bin:/bin:/usr/sbin:/sbin
10 verbose lifecycle meteor-application-template@~start: CWD: /Users/OM/Desktop/ICS314/final-project-mockup/app
11 silly lifecycle meteor-application-template@~start: Args: [ '-c',
11 silly lifecycle   'meteor --no-release-check --settings ../config/settings.development.json' ]
12 silly lifecycle meteor-application-template@~start: Returned: code: 254  signal: null
13 info lifecycle meteor-application-template@~start: Failed to exec start script
14 verbose stack Error: meteor-application-template@ start: `meteor --no-release-check --settings ../config/settings.development.json`
14 verbose stack Exit status 254
14 verbose stack     at EventEmitter.<anonymous> (/Users/OM/.meteor/packages/meteor-tool/.1.4.2_6.sx2vfh++os.osx.x86_64+web.browser+web.cordova/mt-os.osx.x86_64/dev_bundle/lib/node_modules/npm/lib/utils/lifecycle.js:279:16)
14 verbose stack     at emitTwo (events.js:87:13)
14 verbose stack     at EventEmitter.emit (events.js:172:7)
14 verbose stack     at ChildProcess.<anonymous> (/Users/OM/.meteor/packages/meteor-tool/.1.4.2_6.sx2vfh++os.osx.x86_64+web.browser+web.cordova/mt-os.osx.x86_64/dev_bundle/lib/node_modules/npm/lib/utils/spawn.js:40:14)
14 verbose stack     at emitTwo (events.js:87:13)
14 verbose stack     at ChildProcess.emit (events.js:172:7)
14 verbose stack     at maybeClose (internal/child_process.js:854:16)
14 verbose stack     at Process.ChildProcess._handle.onexit (internal/child_process.js:222:5)
15 verbose pkgid meteor-application-template@
16 verbose cwd /Users/OM/Desktop/ICS314/final-project-mockup/app
17 error Darwin 16.4.0
18 error argv "/Users/OM/.meteor/packages/meteor-tool/.1.4.2_6.sx2vfh++os.osx.x86_64+web.browser+web.cordova/mt-os.osx.x86_64/dev_bundle/bin/node" "/Users/OM/.meteor/packages/meteor-tool/.1.4.2_6.sx2vfh++os.osx.x86_64+web.browser+web.cordova/mt-os.osx.x86_64/dev_bundle/bin/npm" "run" "start"
19 error node v4.7.3
20 error npm  v4.1.2
21 error code ELIFECYCLE
22 error meteor-application-template@ start: `meteor --no-release-check --settings ../config/settings.development.json`
22 error Exit status 254
23 error Failed at the meteor-application-template@ start script 'meteor --no-release-check --settings ../config/settings.development.json'.
23 error Make sure you have the latest version of node.js and npm installed.
23 error If you do, this is most likely a problem with the meteor-application-template package,
23 error not with npm itself.
23 error Tell the author that this fails on your system:
23 error     meteor --no-release-check --settings ../config/settings.development.json
23 error You can get information on how to open an issue for this project with:
23 error     npm bugs meteor-application-template
23 error Or if that isn't available, you can get their info via:
23 error     npm owner ls meteor-application-template
23 error There is likely additional logging output above.
24 verbose exit [ 1, true ]
